<?xml version="1.0" encoding="UTF-8"?>
<testsuite xmlns:xsi="http://www.w3.org/2001/XMLSchema-instance" xsi:noNamespaceSchemaLocation="https://maven.apache.org/surefire/maven-surefire-plugin/xsd/surefire-test-report.xsd" version="3.0.2" name="com.universidad.MiProyectoSpringBootApplicationTests" time="13.589" tests="1" errors="0" skipped="0" failures="0">
  <properties>
[...]
</properties>
  <testcase name="contextLoads" classname="com.universidad.MiProyectoSpringBootApplicationTests" time="2.741">
    <system-out><![CDATA[23:15:56.432 [main] INFO org.springframework.test.context.support.AnnotationConfigContextLoaderUtils -- Could not detect default configuration classes for test class [com.universidad.MiProyectoSpringBootApplicationTests]: MiProyectoSpringBootApplicationTests does not declare any static, non-private, non-final, nested classes annotated with @Configuration.
23:15:56.931 [main] INFO org.springframework.boot.test.context.SpringBootTestContextBootstrapper -- Found @SpringBootConfiguration com.universidad.MiProyectoSpringBootApplication for test class com.universidad.MiProyectoSpringBootApplicationTests

  .   ____          _            __ _ _
 /\\ / ___'_ __ _ _(_)_ __  __ _ \ \ \ \
( ( )\___ | '_ | '_| | '_ \/ _` | \ \ \ \
 \\/  ___)| |_)| | | | | || (_| |  ) ) ) )
  '  |____| .__|_| |_|_| |_\__, | / / / /
 =========|_|==============|___/=/_/_/_/

 :: Spring Boot ::                (v3.4.3)

2025-04-01T23:15:58.761-04:00  INFO 11808 --- [mi-proyecto-spring-boot] [           main] c.u.MiProyectoSpringBootApplicationTests : Starting MiProyectoSpringBootApplicationTests using Java 23.0.1 with PID 11808 (started by LENOVO in C:\spring\mi-proyecto-spring-boot)
2025-04-01T23:15:58.766-04:00  INFO 11808 --- [mi-proyecto-spring-boot] [           main] c.u.MiProyectoSpringBootApplicationTests : No active profile set, falling back to 1 default profile: "default"
2025-04-01T23:16:06.521-04:00  INFO 11808 --- [mi-proyecto-spring-boot] [           main] c.u.MiProyectoSpringBootApplicationTests : Started MiProyectoSpringBootApplicationTests in 8.946 seconds (process running for 13.575)
]]></system-out>
    <system-err><![CDATA[Mockito is currently self-attaching to enable the inline-mock-maker. This will no longer work in future releases of the JDK. Please add Mockito as an agent to your build what is described in Mockito's documentation: https://javadoc.io/doc/org.mockito/mockito-core/latest/org/mockito/Mockito.html#0.3
WARNING: A Java agent has been loaded dynamically (C:\Users\LENOVO\.m2\repository\net\bytebuddy\byte-buddy-agent\1.15.11\byte-buddy-agent-1.15.11.jar)
WARNING: If a serviceability tool is in use, please run with -XX:+EnableDynamicAgentLoading to hide this warning
WARNING: If a serviceability tool is not in use, please run with -Djdk.instrument.traceUsage for more information
WARNING: Dynamic loading of agents will be disallowed by default in a future release
]]></system-err>
  </testcase>
</testsuite>